<?xml version="1.0" encoding="UTF-8"?>
<testng-results skipped="0" failed="0" ignored="0" total="1" passed="1">
  <reporter-output>
  </reporter-output>
  <suite name="Default suite" duration-ms="32420" started-at="2020-10-12T14:42:09Z" finished-at="2020-10-12T14:42:42Z">
    <groups>
    </groups>
    <test name="Default test" duration-ms="32420" started-at="2020-10-12T14:42:09Z" finished-at="2020-10-12T14:42:42Z">
      <class name="com.openMRS.testcases.LoginPageTestCases">
        <test-method status="PASS" signature="LoginOPenMRS()[pri:0, instance:com.openMRS.testcases.LoginPageTestCases@309e345f]" name="LoginOPenMRS" duration-ms="32372" started-at="2020-10-12T14:42:09Z" finished-at="2020-10-12T14:42:42Z">
          <reporter-output>
          </reporter-output>
        </test-method> <!-- LoginOPenMRS -->
      </class> <!-- com.openMRS.testcases.LoginPageTestCases -->
    </test> <!-- Default test -->
  </suite> <!-- Default suite -->
</testng-results>
